#
# There is insufficient memory for the Java Runtime Environment to continue.
# Native memory allocation (malloc) failed to allocate 35376 bytes for Chunk::new
# Possible reasons:
#   The system is out of physical RAM or swap space
#   The process is running with CompressedOops enabled, and the Java Heap may be blocking the growth of the native heap
# Possible solutions:
#   Reduce memory load on the system
#   Increase physical memory or swap space
#   Check if swap backing store is full
#   Decrease Java heap size (-Xmx/-Xms)
#   Decrease number of Java threads
#   Decrease Java thread stack sizes (-Xss)
#   Set larger code cache with -XX:ReservedCodeCacheSize=
#   JVM is running with Unscaled Compressed Oops mode in which the Java heap is
#     placed in the first 4GB address space. The Java Heap base address is the
#     maximum limit for the native heap growth. Please use -XX:HeapBaseMinAddress
#     to set the Java Heap base and to place the Java Heap above 4GB virtual address.
# This output file may be truncated or incomplete.
#
#  Out of Memory Error (c:/BuildAgent/work/5ff2f6c26000d570/src/hotspot/share/memory/arena.cpp:197), pid=8476, tid=2824
#
# JRE version: OpenJDK Runtime Environment (11.0.5+10) (build 11.0.5+10-b520.38)
# Java VM: OpenJDK 64-Bit Server VM (11.0.5+10-b520.38, mixed mode, sharing, tiered, compressed oops, g1 gc, windows-amd64)
# No core dump will be written. Minidumps are not enabled by default on client versions of Windows
#

---------------  S U M M A R Y ------------

Command Line: org.jetbrains.git4idea.http.GitAskPassApp Username for 'https://github.com': 

Host: AMD Ryzen 5 3500U with Radeon Vega Mobile Gfx  , 8 cores, 5G,  Windows 10 , 64 bit Build 18362 (10.0.18362.329)
Time: Wed Mar 11 16:41:31 2020 RTZ 2 (ceia) elapsed time: 0 seconds (0d 0h 0m 0s)

---------------  T H R E A D  ---------------

Current thread (0x000002b2cc83a000):  JavaThread "C2 CompilerThread0" daemon [_thread_in_native, id=2824, stack(0x000000ee29100000,0x000000ee29200000)]


Current CompileTask:
C2:    144  264       4       java.lang.String::hashCode (49 bytes)

Stack: [0x000000ee29100000,0x000000ee29200000]
Native frames: (J=compiled Java code, j=interpreted, Vv=VM code, C=native code)
V  [jvm.dll+0x5dcafa]
V  [jvm.dll+0x70e375]
V  [jvm.dll+0x70f898]
V  [jvm.dll+0x70ff63]
V  [jvm.dll+0x23e238]
V  [jvm.dll+0xb8a9c]
V  [jvm.dll+0xb8fac]
V  [jvm.dll+0x2b1f94]
V  [jvm.dll+0x501372]
V  [jvm.dll+0x1f941c]
V  [jvm.dll+0x1f6a1f]
V  [jvm.dll+0x17f6fc]
V  [jvm.dll+0x204f77]
V  [jvm.dll+0x2037f1]
V  [jvm.dll+0x6d835f]
V  [jvm.dll+0x6d114d]
V  [jvm.dll+0x5dbdd6]
C  [ucrtbase.dll+0x20e72]
C  [KERNEL32.DLL+0x17bd4]
C  [ntdll.dll+0x6ced1]


---------------  P R O C E S S  ---------------

Threads class SMR info:
_java_thread_list=0x000002b2cd2b3310, length=10, elements={
0x000002b2b319a800, 0x000002b2cc816000, 0x000002b2cc817000, 0x000002b2cc836800,
0x000002b2cc837800, 0x000002b2cc83a000, 0x000002b2cc847000, 0x000002b2cc848000,
0x000002b2cd298800, 0x000002b2cd2bd800
}

Java Threads: ( => current thread )
  0x000002b2b319a800 JavaThread "main" [_thread_in_native, id=8972, stack(0x000000ee28600000,0x000000ee28700000)]
  0x000002b2cc816000 JavaThread "Reference Handler" daemon [_thread_blocked, id=6512, stack(0x000000ee28d00000,0x000000ee28e00000)]
  0x000002b2cc817000 JavaThread "Finalizer" daemon [_thread_blocked, id=11608, stack(0x000000ee28e00000,0x000000ee28f00000)]
  0x000002b2cc836800 JavaThread "Signal Dispatcher" daemon [_thread_blocked, id=6908, stack(0x000000ee28f00000,0x000000ee29000000)]
  0x000002b2cc837800 JavaThread "Attach Listener" daemon [_thread_blocked, id=10372, stack(0x000000ee29000000,0x000000ee29100000)]
=>0x000002b2cc83a000 JavaThread "C2 CompilerThread0" daemon [_thread_in_native, id=2824, stack(0x000000ee29100000,0x000000ee29200000)]
  0x000002b2cc847000 JavaThread "C1 CompilerThread0" daemon [_thread_blocked, id=7984, stack(0x000000ee29200000,0x000000ee29300000)]
  0x000002b2cc848000 JavaThread "Sweeper thread" daemon [_thread_blocked, id=8444, stack(0x000000ee29300000,0x000000ee29400000)]
  0x000002b2cd298800 JavaThread "Service Thread" daemon [_thread_blocked, id=7596, stack(0x000000ee29400000,0x000000ee29500000)]
  0x000002b2cd2bd800 JavaThread "Common-Cleaner" daemon [_thread_blocked, id=11640, stack(0x000000ee29600000,0x000000ee29700000)]

Other Threads:
  0x000002b2cc814800 VMThread "VM Thread" [stack: 0x000000ee28c00000,0x000000ee28d00000] [id=6496]
  0x000002b2cd2bd000 WatcherThread [stack: 0x000000ee29500000,0x000000ee29600000] [id=8196]
  0x000002b2b31b2000 GCTaskThread "GC Thread#0" [stack: 0x000000ee28700000,0x000000ee28800000] [id=4932]
  0x000002b2b31da000 ConcurrentGCThread "G1 Main Marker" [stack: 0x000000ee28800000,0x000000ee28900000] [id=8424]
  0x000002b2b31dc000 ConcurrentGCThread "G1 Conc#0" [stack: 0x000000ee28900000,0x000000ee28a00000] [id=2276]
  0x000002b2b3264000 ConcurrentGCThread "G1 Refine#0" [stack: 0x000000ee28a00000,0x000000ee28b00000] [id=2980]
  0x000002b2b3265000 ConcurrentGCThread "G1 Young RemSet Sampling" [stack: 0x000000ee28b00000,0x000000ee28c00000] [id=11672]

Threads with active compile tasks:
C2 CompilerThread0    164  264       4       java.lang.String::hashCode (49 bytes)

VM state:not at safepoint (normal execution)

VM Mutex/Monitor currently owned by a thread: None

Heap address: 0x00000000a0c00000, size: 1524 MB, Compressed Oops mode: 32-bit
Narrow klass base: 0x0000000800000000, Narrow klass shift: 3
Compressed class space size: 1073741824 Address: 0x0000000840000000

Heap:
 garbage-first heap   total 98304K, used 5120K [0x00000000a0c00000, 0x0000000100000000)
  region size 1024K, 6 young (6144K), 0 survivors (0K)
 Metaspace       used 1111K, capacity 4826K, committed 5120K, reserved 1060864K
  class space    used 115K, capacity 434K, committed 512K, reserved 1048576K
Heap Regions: E=young(eden), S=young(survivor), O=old, HS=humongous(starts), HC=humongous(continues), CS=collection set, F=free, A=archive, TAMS=top-at-mark-start (previous, next)
|   0|0x00000000a0c00000, 0x00000000a0c00000, 0x00000000a0d00000|  0%| F|  |TAMS 0x00000000a0c00000, 0x00000000a0c00000| Untracked 
|   1|0x00000000a0d00000, 0x00000000a0d00000, 0x00000000a0e00000|  0%| F|  |TAMS 0x00000000a0d00000, 0x00000000a0d00000| Untracked 
|   2|0x00000000a0e00000, 0x00000000a0e00000, 0x00000000a0f00000|  0%| F|  |TAMS 0x00000000a0e00000, 0x00000000a0e00000| Untracked 
|   3|0x00000000a0f00000, 0x00000000a0f00000, 0x00000000a1000000|  0%| F|  |TAMS 0x00000000a0f00000, 0x00000000a0f00000| Untracked 
|   4|0x00000000a1000000, 0x00000000a1000000, 0x00000000a1100000|  0%| F|  |TAMS 0x00000000a1000000, 0x00000000a1000000| Untracked 
|   5|0x00000000a1100000, 0x00000000a1100000, 0x00000000a1200000|  0%| F|  |TAMS 0x00000000a1100000, 0x00000000a1100000| Untracked 
|   6|0x00000000a1200000, 0x00000000a1200000, 0x00000000a1300000|  0%| F|  |TAMS 0x00000000a1200000, 0x00000000a1200000| Untracked 
|   7|0x00000000a1300000, 0x00000000a1300000, 0x00000000a1400000|  0%| F|  |TAMS 0x00000000a1300000, 0x00000000a1300000| Untracked 
|   8|0x00000000a1400000, 0x00000000a1400000, 0x00000000a1500000|  0%| F|  |TAMS 0x00000000a1400000, 0x00000000a1400000| Untracked 
|   9|0x00000000a1500000, 0x00000000a1500000, 0x00000000a1600000|  0%| F|  |TAMS 0x00000000a1500000, 0x00000000a1500000| Untracked 
|  10|0x00000000a1600000, 0x00000000a1600000, 0x00000000a1700000|  0%| F|  |TAMS 0x00000000a1600000, 0x00000000a1600000| Untracked 
|  11|0x00000000a1700000, 0x00000000a1700000, 0x00000000a1800000|  0%| F|  |TAMS 0x00000000a1700000, 0x00000000a1700000| Untracked 
|  12|0x00000000a1800000, 0x00000000a1800000, 0x00000000a1900000|  0%| F|  |TAMS 0x00000000a1800000, 0x00000000a1800000| Untracked 
|  13|0x00000000a1900000, 0x00000000a1900000, 0x00000000a1a00000|  0%| F|  |TAMS 0x00000000a1900000, 0x00000000a1900000| Untracked 
|  14|0x00000000a1a00000, 0x00000000a1a00000, 0x00000000a1b00000|  0%| F|  |TAMS 0x00000000a1a00000, 0x00000000a1a00000| Untracked 
|  15|0x00000000a1b00000, 0x00000000a1b00000, 0x00000000a1c00000|  0%| F|  |TAMS 0x00000000a1b00000, 0x00000000a1b00000| Untracked 
|  16|0x00000000a1c00000, 0x00000000a1c00000, 0x00000000a1d00000|  0%| F|  |TAMS 0x00000000a1c00000, 0x00000000a1c00000| Untracked 
|  17|0x00000000a1d00000, 0x00000000a1d00000, 0x00000000a1e00000|  0%| F|  |TAMS 0x00000000a1d00000, 0x00000000a1d00000| Untracked 
|  18|0x00000000a1e00000, 0x00000000a1e00000, 0x00000000a1f00000|  0%| F|  |TAMS 0x00000000a1e00000, 0x00000000a1e00000| Untracked 
|  19|0x00000000a1f00000, 0x00000000a1f00000, 0x00000000a2000000|  0%| F|  |TAMS 0x00000000a1f00000, 0x00000000a1f00000| Untracked 
|  20|0x00000000a2000000, 0x00000000a2000000, 0x00000000a2100000|  0%| F|  |TAMS 0x00000000a2000000, 0x00000000a2000000| Untracked 
|  21|0x00000000a2100000, 0x00000000a2100000, 0x00000000a2200000|  0%| F|  |TAMS 0x00000000a2100000, 0x00000000a2100000| Untracked 
|  22|0x00000000a2200000, 0x00000000a2200000, 0x00000000a2300000|  0%| F|  |TAMS 0x00000000a2200000, 0x00000000a2200000| Untracked 
|  23|0x00000000a2300000, 0x00000000a2300000, 0x00000000a2400000|  0%| F|  |TAMS 0x00000000a2300000, 0x00000000a2300000| Untracked 
|  24|0x00000000a2400000, 0x00000000a2400000, 0x00000000a2500000|  0%| F|  |TAMS 0x00000000a2400000, 0x00000000a2400000| Untracked 
|  25|0x00000000a2500000, 0x00000000a2500000, 0x00000000a2600000|  0%| F|  |TAMS 0x00000000a2500000, 0x00000000a2500000| Untracked 
|  26|0x00000000a2600000, 0x00000000a2600000, 0x00000000a2700000|  0%| F|  |TAMS 0x00000000a2600000, 0x00000000a2600000| Untracked 
|  27|0x00000000a2700000, 0x00000000a2700000, 0x00000000a2800000|  0%| F|  |TAMS 0x00000000a2700000, 0x00000000a2700000| Untracked 
|  28|0x00000000a2800000, 0x00000000a2800000, 0x00000000a2900000|  0%| F|  |TAMS 0x00000000a2800000, 0x00000000a2800000| Untracked 
|  29|0x00000000a2900000, 0x00000000a2900000, 0x00000000a2a00000|  0%| F|  |TAMS 0x00000000a2900000, 0x00000000a2900000| Untracked 
|  30|0x00000000a2a00000, 0x00000000a2a00000, 0x00000000a2b00000|  0%| F|  |TAMS 0x00000000a2a00000, 0x00000000a2a00000| Untracked 
|  31|0x00000000a2b00000, 0x00000000a2b00000, 0x00000000a2c00000|  0%| F|  |TAMS 0x00000000a2b00000, 0x00000000a2b00000| Untracked 
|  32|0x00000000a2c00000, 0x00000000a2c00000, 0x00000000a2d00000|  0%| F|  |TAMS 0x00000000a2c00000, 0x00000000a2c00000| Untracked 
|  33|0x00000000a2d00000, 0x00000000a2d00000, 0x00000000a2e00000|  0%| F|  |TAMS 0x00000000a2d00000, 0x00000000a2d00000| Untracked 
|  34|0x00000000a2e00000, 0x00000000a2e00000, 0x00000000a2f00000|  0%| F|  |TAMS 0x00000000a2e00000, 0x00000000a2e00000| Untracked 
|  35|0x00000000a2f00000, 0x00000000a2f00000, 0x00000000a3000000|  0%| F|  |TAMS 0x00000000a2f00000, 0x00000000a2f00000| Untracked 
|  36|0x00000000a3000000, 0x00000000a3000000, 0x00000000a3100000|  0%| F|  |TAMS 0x00000000a3000000, 0x00000000a3000000| Untracked 
|  37|0x00000000a3100000, 0x00000000a3100000, 0x00000000a3200000|  0%| F|  |TAMS 0x00000000a3100000, 0x00000000a3100000| Untracked 
|  38|0x00000000a3200000, 0x00000000a3200000, 0x00000000a3300000|  0%| F|  |TAMS 0x00000000a3200000, 0x00000000a3200000| Untracked 
|  39|0x00000000a3300000, 0x00000000a3300000, 0x00000000a3400000|  0%| F|  |TAMS 0x00000000a3300000, 0x00000000a3300000| Untracked 
|  40|0x00000000a3400000, 0x00000000a3400000, 0x00000000a3500000|  0%| F|  |TAMS 0x00000000a3400000, 0x00000000a3400000| Untracked 
|  41|0x00000000a3500000, 0x00000000a3500000, 0x00000000a3600000|  0%| F|  |TAMS 0x00000000a3500000, 0x00000000a3500000| Untracked 
|  42|0x00000000a3600000, 0x00000000a3600000, 0x00000000a3700000|  0%| F|  |TAMS 0x00000000a3600000, 0x00000000a3600000| Untracked 
|  43|0x00000000a3700000, 0x00000000a3700000, 0x00000000a3800000|  0%| F|  |TAMS 0x00000000a3700000, 0x00000000a3700000| Untracked 
|  44|0x00000000a3800000, 0x00000000a3800000, 0x00000000a3900000|  0%| F|  |TAMS 0x00000000a3800000, 0x00000000a3800000| Untracked 
|  45|0x00000000a3900000, 0x00000000a3900000, 0x00000000a3a00000|  0%| F|  |TAMS 0x00000000a3900000, 0x00000000a3900000| Untracked 
|  46|0x00000000a3a00000, 0x00000000a3a00000, 0x00000000a3b00000|  0%| F|  |TAMS 0x00000000a3a00000, 0x00000000a3a00000| Untracked 
|  47|0x00000000a3b00000, 0x00000000a3b00000, 0x00000000a3c00000|  0%| F|  |TAMS 0x00000000a3b00000, 0x00000000a3b00000| Untracked 
|  48|0x00000000a3c00000, 0x00000000a3c00000, 0x00000000a3d00000|  0%| F|  |TAMS 0x00000000a3c00000, 0x00000000a3c00000| Untracked 
|  49|0x00000000a3d00000, 0x00000000a3d00000, 0x00000000a3e00000|  0%| F|  |TAMS 0x00000000a3d00000, 0x00000000a3d00000| Untracked 
|  50|0x00000000a3e00000, 0x00000000a3e00000, 0x00000000a3f00000|  0%| F|  |TAMS 0x00000000a3e00000, 0x00000000a3e00000| Untracked 
|  51|0x00000000a3f00000, 0x00000000a3f00000, 0x00000000a4000000|  0%| F|  |TAMS 0x00000000a3f00000, 0x00000000a3f00000| Untracked 
|  52|0x00000000a4000000, 0x00000000a4000000, 0x00000000a4100000|  0%| F|  |TAMS 0x00000000a4000000, 0x00000000a4000000| Untracked 
|  53|0x00000000a4100000, 0x00000000a4100000, 0x00000000a4200000|  0%| F|  |TAMS 0x00000000a4100000, 0x00000000a4100000| Untracked 
|  54|0x00000000a4200000, 0x00000000a4200000, 0x00000000a4300000|  0%| F|  |TAMS 0x00000000a4200000, 0x00000000a4200000| Untracked 
|  55|0x00000000a4300000, 0x00000000a4300000, 0x00000000a4400000|  0%| F|  |TAMS 0x00000000a4300000, 0x00000000a4300000| Untracked 
|  56|0x00000000a4400000, 0x00000000a4400000, 0x00000000a4500000|  0%| F|  |TAMS 0x00000000a4400000, 0x00000000a4400000| Untracked 
|  57|0x00000000a4500000, 0x00000000a4500000, 0x00000000a4600000|  0%| F|  |TAMS 0x00000000a4500000, 0x00000000a4500000| Untracked 
|  58|0x00000000a4600000, 0x00000000a4600000, 0x00000000a4700000|  0%| F|  |TAMS 0x00000000a4600000, 0x00000000a4600000| Untracked 
|  59|0x00000000a4700000, 0x00000000a4700000, 0x00000000a4800000|  0%| F|  |TAMS 0x00000000a4700000, 0x00000000a4700000| Untracked 
|  60|0x00000000a4800000, 0x00000000a4800000, 0x00000000a4900000|  0%| F|  |TAMS 0x00000000a4800000, 0x00000000a4800000| Untracked 
|  61|0x00000000a4900000, 0x00000000a4900000, 0x00000000a4a00000|  0%| F|  |TAMS 0x00000000a4900000, 0x00000000a4900000| Untracked 
|  62|0x00000000a4a00000, 0x00000000a4a00000, 0x00000000a4b00000|  0%| F|  |TAMS 0x00000000a4a00000, 0x00000000a4a00000| Untracked 
|  63|0x00000000a4b00000, 0x00000000a4b00000, 0x00000000a4c00000|  0%| F|  |TAMS 0x00000000a4b00000, 0x00000000a4b00000| Untracked 
|  64|0x00000000a4c00000, 0x00000000a4c00000, 0x00000000a4d00000|  0%| F|  |TAMS 0x00000000a4c00000, 0x00000000a4c00000| Untracked 
|  65|0x00000000a4d00000, 0x00000000a4d00000, 0x00000000a4e00000|  0%| F|  |TAMS 0x00000000a4d00000, 0x00000000a4d00000| Untracked 
|  66|0x00000000a4e00000, 0x00000000a4e00000, 0x00000000a4f00000|  0%| F|  |TAMS 0x00000000a4e00000, 0x00000000a4e00000| Untracked 
|  67|0x00000000a4f00000, 0x00000000a4f00000, 0x00000000a5000000|  0%| F|  |TAMS 0x00000000a4f00000, 0x00000000a4f00000| Untracked 
|  68|0x00000000a5000000, 0x00000000a5000000, 0x00000000a5100000|  0%| F|  |TAMS 0x00000000a5000000, 0x00000000a5000000| Untracked 
|  69|0x00000000a5100000, 0x00000000a5100000, 0x00000000a5200000|  0%| F|  |TAMS 0x00000000a5100000, 0x00000000a5100000| Untracked 
|  70|0x00000000a5200000, 0x00000000a5200000, 0x00000000a5300000|  0%| F|  |TAMS 0x00000000a5200000, 0x00000000a5200000| Untracked 
|  71|0x00000000a5300000, 0x00000000a5300000, 0x00000000a5400000|  0%| F|  |TAMS 0x00000000a5300000, 0x00000000a5300000| Untracked 
|  72|0x00000000a5400000, 0x00000000a5400000, 0x00000000a5500000|  0%| F|  |TAMS 0x00000000a5400000, 0x00000000a5400000| Untracked 
|  73|0x00000000a5500000, 0x00000000a5500000, 0x00000000a5600000|  0%| F|  |TAMS 0x00000000a5500000, 0x00000000a5500000| Untracked 
|  74|0x00000000a5600000, 0x00000000a5600000, 0x00000000a5700000|  0%| F|  |TAMS 0x00000000a5600000, 0x00000000a5600000| Untracked 
|  75|0x00000000a5700000, 0x00000000a5700000, 0x00000000a5800000|  0%| F|  |TAMS 0x00000000a5700000, 0x00000000a5700000| Untracked 
|  76|0x00000000a5800000, 0x00000000a5800000, 0x00000000a5900000|  0%| F|  |TAMS 0x00000000a5800000, 0x00000000a5800000| Untracked 
|  77|0x00000000a5900000, 0x00000000a5900000, 0x00000000a5a00000|  0%| F|  |TAMS 0x00000000a5900000, 0x00000000a5900000| Untracked 
|  78|0x00000000a5a00000, 0x00000000a5a00000, 0x00000000a5b00000|  0%| F|  |TAMS 0x00000000a5a00000, 0x00000000a5a00000| Untracked 
|  79|0x00000000a5b00000, 0x00000000a5b00000, 0x00000000a5c00000|  0%| F|  |TAMS 0x00000000a5b00000, 0x00000000a5b00000| Untracked 
|  80|0x00000000a5c00000, 0x00000000a5c00000, 0x00000000a5d00000|  0%| F|  |TAMS 0x00000000a5c00000, 0x00000000a5c00000| Untracked 
|  81|0x00000000a5d00000, 0x00000000a5d00000, 0x00000000a5e00000|  0%| F|  |TAMS 0x00000000a5d00000, 0x00000000a5d00000| Untracked 
|  82|0x00000000a5e00000, 0x00000000a5e00000, 0x00000000a5f00000|  0%| F|  |TAMS 0x00000000a5e00000, 0x00000000a5e00000| Untracked 
|  83|0x00000000a5f00000, 0x00000000a5f00000, 0x00000000a6000000|  0%| F|  |TAMS 0x00000000a5f00000, 0x00000000a5f00000| Untracked 
|  84|0x00000000a6000000, 0x00000000a6000000, 0x00000000a6100000|  0%| F|  |TAMS 0x00000000a6000000, 0x00000000a6000000| Untracked 
|  85|0x00000000a6100000, 0x00000000a6100000, 0x00000000a6200000|  0%| F|  |TAMS 0x00000000a6100000, 0x00000000a6100000| Untracked 
|  86|0x00000000a6200000, 0x00000000a6200000, 0x00000000a6300000|  0%| F|  |TAMS 0x00000000a6200000, 0x00000000a6200000| Untracked 
|  87|0x00000000a6300000, 0x00000000a6300000, 0x00000000a6400000|  0%| F|  |TAMS 0x00000000a6300000, 0x00000000a6300000| Untracked 
|  88|0x00000000a6400000, 0x00000000a6400000, 0x00000000a6500000|  0%| F|  |TAMS 0x00000000a6400000, 0x00000000a6400000| Untracked 
|  89|0x00000000a6500000, 0x00000000a6500000, 0x00000000a6600000|  0%| F|  |TAMS 0x00000000a6500000, 0x00000000a6500000| Untracked 
|  90|0x00000000a6600000, 0x00000000a66f6460, 0x00000000a6700000| 96%| E|  |TAMS 0x00000000a6600000, 0x00000000a6600000| Complete 
|  91|0x00000000a6700000, 0x00000000a6800000, 0x00000000a6800000|100%| E|CS|TAMS 0x00000000a6700000, 0x00000000a6700000| Complete 
|  92|0x00000000a6800000, 0x00000000a6900000, 0x00000000a6900000|100%| E|CS|TAMS 0x00000000a6800000, 0x00000000a6800000| Complete 
|  93|0x00000000a6900000, 0x00000000a6a00000, 0x00000000a6a00000|100%| E|CS|TAMS 0x00000000a6900000, 0x00000000a6900000| Complete 
|  94|0x00000000a6a00000, 0x00000000a6b00000, 0x00000000a6b00000|100%| E|CS|TAMS 0x00000000a6a00000, 0x00000000a6a00000| Complete 
|  95|0x00000000a6b00000, 0x00000000a6c00000, 0x00000000a6c00000|100%| E|CS|TAMS 0x00000000a6b00000, 0x00000000a6b00000| Complete 

Card table byte_map: [0x000002b2c6890000,0x000002b2c6b90000] _byte_map_base: 0x000002b2c638a000

Marking Bits (Prev, Next): (CMBitMap*) 0x000002b2b31d2248, (CMBitMap*) 0x000002b2b31d2280
 Prev Bits: [0x000002b2c6e90000, 0x000002b2c8660000)
 Next Bits: [0x000002b2c8660000, 0x000002b2c9e30000)

Polling page: 0x000002b2b0f60000

Metaspace:

Usage:
  Non-class:      4.29 MB capacity,  1016.61 KB ( 23%) used,     3.29 MB ( 77%) free+waste,     1.69 KB ( <1%) overhead. 
      Class:    434.00 KB capacity,   119.65 KB ( 28%) used,   313.41 KB ( 72%) free+waste,   960 bytes ( <1%) overhead. 
       Both:      4.71 MB capacity,     1.11 MB ( 24%) used,     3.60 MB ( 76%) free+waste,     2.63 KB ( <1%) overhead. 

Virtual space:
  Non-class space:       12.00 MB reserved,       4.50 MB ( 38%) committed 
      Class space:        1.00 GB reserved,     512.00 KB ( <1%) committed 
             Both:        1.01 GB reserved,       5.00 MB ( <1%) committed 

Chunk freelists:
   Non-Class:  24.00 KB
       Class:  14.00 KB
        Both:  38.00 KB

MaxMetaspaceSize: 17179869184.00 GB
CompressedClassSpaceSize: 1.00 GB

CodeHeap 'non-profiled nmethods': size=120000Kb used=67Kb max_used=67Kb free=119933Kb
 bounds [0x000002b2bed30000, 0x000002b2befa0000, 0x000002b2c6260000]
CodeHeap 'profiled nmethods': size=120000Kb used=452Kb max_used=452Kb free=119547Kb
 bounds [0x000002b2b7800000, 0x000002b2b7a70000, 0x000002b2bed30000]
CodeHeap 'non-nmethods': size=5760Kb used=1073Kb max_used=1076Kb free=4686Kb
 bounds [0x000002b2b7260000, 0x000002b2b74d0000, 0x000002b2b7800000]
 total_blobs=978 nmethods=280 adapters=271
 compilation: enabled
              stopped_count=0, restarted_count=0
 full_count=0

Compilation events (20 events):
Event: 0.141 Thread 0x000002b2cc83a000  264       4       java.lang.String::hashCode (49 bytes)
Event: 0.141 Thread 0x000002b2cc847000 nmethod 252 0x000002b2b7865110 code [0x000002b2b78652c0, 0x000002b2b7865518]
Event: 0.141 Thread 0x000002b2cc847000  238       3       java.util.HashMap$HashIterator::hasNext (13 bytes)
Event: 0.142 Thread 0x000002b2cc847000 nmethod 238 0x000002b2b7865590 code [0x000002b2b7865740, 0x000002b2b7865918]
Event: 0.142 Thread 0x000002b2cc847000  258       3       sun.util.locale.BaseLocale$Key::getBaseLocale (25 bytes)
Event: 0.142 Thread 0x000002b2cc847000 nmethod 258 0x000002b2b7865990 code [0x000002b2b7865b60, 0x000002b2b7865f10]
Event: 0.142 Thread 0x000002b2cc847000  257       3       java.util.HashMap$KeyIterator::next (8 bytes)
Event: 0.142 Thread 0x000002b2cc847000 nmethod 257 0x000002b2b7866010 code [0x000002b2b78661c0, 0x000002b2b7866370]
Event: 0.142 Thread 0x000002b2cc847000  259       3       java.util.Locale::getInstance (36 bytes)
Event: 0.142 Thread 0x000002b2cc847000 nmethod 259 0x000002b2b7866410 code [0x000002b2b7866600, 0x000002b2b7866bb0]
Event: 0.142 Thread 0x000002b2cc847000  260       3       sun.util.locale.BaseLocale::getInstance (76 bytes)
Event: 0.142 Thread 0x000002b2cc847000 nmethod 260 0x000002b2b7866d10 code [0x000002b2b7866f20, 0x000002b2b7867530]
Event: 0.142 Thread 0x000002b2cc847000  261       3       sun.util.locale.InternalLocaleBuilder::<init> (29 bytes)
Event: 0.142 Thread 0x000002b2cc847000 nmethod 261 0x000002b2b7867690 code [0x000002b2b7867860, 0x000002b2b7867bf8]
Event: 0.142 Thread 0x000002b2cc847000  262       3       sun.util.locale.InternalLocaleBuilder::getLocaleExtensions (65 bytes)
Event: 0.143 Thread 0x000002b2cc847000 nmethod 262 0x000002b2b7867c90 code [0x000002b2b7867ee0, 0x000002b2b7868790]
Event: 0.143 Thread 0x000002b2cc847000  263       3       sun.util.locale.LocaleUtils::isEmpty (19 bytes)
Event: 0.143 Thread 0x000002b2cc847000 nmethod 263 0x000002b2b7868990 code [0x000002b2b7868b60, 0x000002b2b7868e10]
Event: 0.143 Thread 0x000002b2cc847000  265       1       java.lang.Class::getModule (5 bytes)
Event: 0.143 Thread 0x000002b2cc847000 nmethod 265 0x000002b2bed3fe10 code [0x000002b2bed3ffc0, 0x000002b2bed400f8]

GC Heap History (0 events):
No events

Deoptimization events (4 events):
Event: 0.121 Thread 0x000002b2b319a800 Uncommon trap: trap_request=0xffffff4d fr.pc=0x000002b2bed3500c relative=0x00000000000001ec
Event: 0.121 Thread 0x000002b2b319a800 Uncommon trap: reason=unstable_if action=reinterpret pc=0x000002b2bed3500c method=java.lang.String.hashCode()I @ 14 c2
Event: 0.121 Thread 0x000002b2b319a800 DEOPT PACKING pc=0x000002b2bed3500c sp=0x000000ee286fce30
Event: 0.121 Thread 0x000002b2b319a800 DEOPT UNPACKING pc=0x000002b2b728922f sp=0x000000ee286fcdc8 mode 2

Classes redefined (0 events):
No events

Internal exceptions (0 events):
No events

Events (20 events):
Event: 0.123 loading class jdk/internal/jimage/decompressor/ResourceDecompressorRepository
Event: 0.123 loading class jdk/internal/jimage/decompressor/ResourceDecompressorRepository done
Event: 0.123 loading class jdk/internal/jimage/decompressor/ZipDecompressorFactory
Event: 0.123 loading class jdk/internal/jimage/decompressor/ResourceDecompressorFactory
Event: 0.123 loading class jdk/internal/jimage/decompressor/ResourceDecompressorFactory done
Event: 0.123 loading class jdk/internal/jimage/decompressor/ZipDecompressorFactory done
Event: 0.123 loading class jdk/internal/jimage/decompressor/StringSharingDecompressorFactory
Event: 0.123 loading class jdk/internal/jimage/decompressor/StringSharingDecompressorFactory done
Event: 0.124 loading class jdk/internal/jimage/decompressor/ZipDecompressor
Event: 0.124 loading class jdk/internal/jimage/decompressor/ResourceDecompressor
Event: 0.124 loading class jdk/internal/jimage/decompressor/ResourceDecompressor done
Event: 0.124 loading class jdk/internal/jimage/decompressor/ZipDecompressor done
Event: 0.143 loading class sun/util/resources/LocaleData$CommonResourceBundleProvider
Event: 0.143 loading class sun/util/resources/LocaleData$LocaleDataResourceBundleProvider
Event: 0.143 loading class java/util/spi/ResourceBundleProvider
Event: 0.143 loading class java/util/spi/ResourceBundleProvider done
Event: 0.143 loading class sun/util/resources/LocaleData$LocaleDataResourceBundleProvider done
Event: 0.143 loading class sun/util/resources/LocaleData$CommonResourceBundleProvider done
Event: 0.143 loading class sun/util/resources/Bundles$2
Event: 0.143 loading class sun/util/resources/Bundles$2 done


Dynamic libraries:
0x00007ff6ba440000 - 0x00007ff6ba44a000 	C:\Program Files\JetBrains\PhpStorm 2019.3.3\jbr\bin\java.exe
0x00007ffa3a940000 - 0x00007ffa3ab30000 	C:\Windows\SYSTEM32\ntdll.dll
0x00007ffa38b70000 - 0x00007ffa38c22000 	C:\Windows\System32\KERNEL32.DLL
0x00007ffa37b40000 - 0x00007ffa37de3000 	C:\Windows\System32\KERNELBASE.dll
0x00007ffa38810000 - 0x00007ffa3890a000 	C:\Windows\System32\ucrtbase.dll
0x00007ffa325a0000 - 0x00007ffa325b9000 	C:\Program Files\JetBrains\PhpStorm 2019.3.3\jbr\bin\jli.dll
0x00007ffa32530000 - 0x00007ffa32547000 	C:\Program Files\JetBrains\PhpStorm 2019.3.3\jbr\bin\VCRUNTIME140.dll
0x00007ffa39b10000 - 0x00007ffa39ca4000 	C:\Windows\System32\USER32.dll
0x00007ffa37b10000 - 0x00007ffa37b31000 	C:\Windows\System32\win32u.dll
0x00007ffa29f80000 - 0x00007ffa2a205000 	C:\Windows\WinSxS\amd64_microsoft.windows.common-controls_6595b64144ccf1df_6.0.18362.657_none_e6c5b579130e3898\COMCTL32.dll
0x00007ffa391c0000 - 0x00007ffa391e6000 	C:\Windows\System32\GDI32.dll
0x00007ffa38f40000 - 0x00007ffa38fde000 	C:\Windows\System32\msvcrt.dll
0x00007ffa378f0000 - 0x00007ffa37a84000 	C:\Windows\System32\gdi32full.dll
0x00007ffa37df0000 - 0x00007ffa37e8e000 	C:\Windows\System32\msvcp_win.dll
0x00007ffa3a430000 - 0x00007ffa3a766000 	C:\Windows\System32\combase.dll
0x00007ffa3a770000 - 0x00007ffa3a890000 	C:\Windows\System32\RPCRT4.dll
0x00007ffa37a90000 - 0x00007ffa37b10000 	C:\Windows\System32\bcryptPrimitives.dll
0x00007ffa39130000 - 0x00007ffa3915e000 	C:\Windows\System32\IMM32.DLL
0x00007ff9fe500000 - 0x00007ff9fe59d000 	C:\Program Files\JetBrains\PhpStorm 2019.3.3\jbr\bin\msvcp140.dll
0x00007ff9f5b30000 - 0x00007ff9f65eb000 	C:\Program Files\JetBrains\PhpStorm 2019.3.3\jbr\bin\server\jvm.dll
0x00007ffa39a40000 - 0x00007ffa39ae3000 	C:\Windows\System32\ADVAPI32.dll
0x00007ffa38fe0000 - 0x00007ffa39077000 	C:\Windows\System32\sechost.dll
0x00007ffa3a420000 - 0x00007ffa3a428000 	C:\Windows\System32\PSAPI.DLL
0x00007ffa2d950000 - 0x00007ffa2d974000 	C:\Windows\SYSTEM32\WINMM.dll
0x00007ffa33c80000 - 0x00007ffa33c89000 	C:\Windows\SYSTEM32\WSOCK32.dll
0x00007ffa3a890000 - 0x00007ffa3a8ff000 	C:\Windows\System32\WS2_32.dll
0x00007ffa2d920000 - 0x00007ffa2d94d000 	C:\Windows\SYSTEM32\WINMMBASE.dll
0x00007ffa30bc0000 - 0x00007ffa30bca000 	C:\Windows\SYSTEM32\VERSION.dll
0x00007ffa38910000 - 0x00007ffa3895a000 	C:\Windows\System32\cfgmgr32.dll
0x00007ffa37820000 - 0x00007ffa37831000 	C:\Windows\System32\kernel.appcore.dll
0x00007ffa33c60000 - 0x00007ffa33c71000 	C:\Program Files\JetBrains\PhpStorm 2019.3.3\jbr\bin\verify.dll
0x00007ffa27740000 - 0x00007ffa27934000 	C:\Windows\SYSTEM32\DBGHELP.DLL
0x00007ffa27710000 - 0x00007ffa2773a000 	C:\Windows\SYSTEM32\dbgcore.DLL
0x00007ffa33c30000 - 0x00007ffa33c59000 	C:\Program Files\JetBrains\PhpStorm 2019.3.3\jbr\bin\java.dll
0x00007ffa32e00000 - 0x00007ffa32e17000 	C:\Program Files\JetBrains\PhpStorm 2019.3.3\jbr\bin\zip.dll
0x00007ffa33190000 - 0x00007ffa3319b000 	C:\Program Files\JetBrains\PhpStorm 2019.3.3\jbr\bin\jimage.dll
0x00007ffa391f0000 - 0x00007ffa398d5000 	C:\Windows\System32\SHELL32.dll
0x00007ffa39080000 - 0x00007ffa39129000 	C:\Windows\System32\shcore.dll
0x00007ffa37e90000 - 0x00007ffa3860f000 	C:\Windows\System32\windows.storage.dll
0x00007ffa378b0000 - 0x00007ffa378cf000 	C:\Windows\System32\profapi.dll
0x00007ffa37840000 - 0x00007ffa3788a000 	C:\Windows\System32\powrprof.dll
0x00007ffa37810000 - 0x00007ffa37820000 	C:\Windows\System32\UMPDC.dll
0x00007ffa3a280000 - 0x00007ffa3a2d2000 	C:\Windows\System32\shlwapi.dll
0x00007ffa378d0000 - 0x00007ffa378e7000 	C:\Windows\System32\cryptsp.dll
0x00007ffa32c70000 - 0x00007ffa32c8a000 	C:\Program Files\JetBrains\PhpStorm 2019.3.3\jbr\bin\net.dll
0x00007ffa2f690000 - 0x00007ffa2f780000 	C:\Windows\SYSTEM32\WINHTTP.dll
0x00007ffa37020000 - 0x00007ffa37087000 	C:\Windows\system32\mswsock.dll
0x00007ffa319e0000 - 0x00007ffa319f4000 	C:\Program Files\JetBrains\PhpStorm 2019.3.3\jbr\bin\nio.dll

dbghelp: loaded successfully - version: 4.0.5 - missing functions: none
symbol engine: initialized successfully - sym options: 0x614 - pdb path: .;C:\Program Files\JetBrains\PhpStorm 2019.3.3\jbr\bin;C:\Windows\SYSTEM32;C:\Windows\WinSxS\amd64_microsoft.windows.common-controls_6595b64144ccf1df_6.0.18362.657_none_e6c5b579130e3898;C:\Program Files\JetBrains\PhpStorm 2019.3.3\jbr\bin\server

VM Arguments:
java_command: org.jetbrains.git4idea.http.GitAskPassApp Username for 'https://github.com': 
java_class_path (initial): C:/Program Files/JetBrains/PhpStorm 2019.3.3/plugins/git4idea/lib/git4idea-rt.jar;C:/Program Files/JetBrains/PhpStorm 2019.3.3/lib/xmlrpc-2.0.1.jar;C:/Program Files/JetBrains/PhpStorm 2019.3.3/lib/commons-codec-1.13.jar;C:/Program Files/JetBrains/PhpStorm 2019.3.3/lib/util.jar
Launcher Type: SUN_STANDARD

[Global flags]
     intx CICompilerCount                          = 4                                         {product} {ergonomic}
     uint ConcGCThreads                            = 2                                         {product} {ergonomic}
     uint G1ConcRefinementThreads                  = 8                                         {product} {ergonomic}
   size_t G1HeapRegionSize                         = 1048576                                   {product} {ergonomic}
    uintx GCDrainStackTargetSize                   = 64                                        {product} {ergonomic}
   size_t InitialHeapSize                          = 100663296                                 {product} {ergonomic}
   size_t MarkStackSize                            = 4194304                                   {product} {ergonomic}
   size_t MaxHeapSize                              = 1598029824                                {product} {ergonomic}
   size_t MaxNewSize                               = 958398464                                 {product} {ergonomic}
   size_t MinHeapDeltaBytes                        = 1048576                                   {product} {ergonomic}
    uintx NonNMethodCodeHeapSize                   = 5836300                                {pd product} {ergonomic}
    uintx NonProfiledCodeHeapSize                  = 122910970                              {pd product} {ergonomic}
    uintx ProfiledCodeHeapSize                     = 122910970                              {pd product} {ergonomic}
    uintx ReservedCodeCacheSize                    = 251658240                              {pd product} {ergonomic}
     bool SegmentedCodeCache                       = true                                      {product} {ergonomic}
     bool UseCompressedClassPointers               = true                                 {lp64_product} {ergonomic}
     bool UseCompressedOops                        = true                                 {lp64_product} {ergonomic}
     bool UseG1GC                                  = true                                      {product} {ergonomic}
     bool UseLargePagesIndividualAllocation        = false                                  {pd product} {ergonomic}

Logging:
Log output configuration:
 #0: stdout all=warning uptime,level,tags
 #1: stderr all=off uptime,level,tags

Environment Variables:
PATH=C:/Program Files/Git/mingw64/libexec/git-core;C:/Program Files/Git/mingw64/libexec/git-core;C:\Program Files\Git\mingw64\bin;C:\Program Files\Git\usr\bin;C:\Users\Gerbert\bin;C:\Windows\system32;C:\Windows;C:\Windows\System32\Wbem;C:\Windows\System32\WindowsPowerShell\v1.0\;C:\Windows\System32\OpenSSH\;C:\Program Files\Git\cmd;C:\Program Files (x86)\Common Files\Acronis\SnapAPI\;C:\xampp\php;C:\ProgramData\ComposerSetup\bin;C:\Users\Gerbert\AppData\Local\Microsoft\WindowsApps;C:\Program Files\JetBrains\IntelliJ IDEA 2019.3.3\bin;C:\Program Files\JetBrains\PhpStorm 2019.3.3\bin;C:\Program Files\JetBrains\CLion 2019.3.4\bin;C:\Program Files\JetBrains\JetBrains Rider 2019.3.4\bin;C:\Users\Gerbert\AppData\Local\GitHubDesktop\bin;C:\Users\Gerbert\AppData\Roaming\Composer\vendor\bin
USERNAME=Gerbert
DISPLAY=:0.0
OS=Windows_NT
PROCESSOR_IDENTIFIER=AMD64 Family 23 Model 24 Stepping 1, AuthenticAMD



---------------  S Y S T E M  ---------------

OS: Windows 10 , 64 bit Build 18362 (10.0.18362.329)

CPU:total 8 (initial active 8) (8 cores per cpu, 2 threads per core) family 23 model 24 stepping 1, cmov, cx8, fxsr, mmx, sse, sse2, sse3, ssse3, sse4.1, sse4.2, popcnt, avx, avx2, aes, clmul, mmxext, 3dnowpref, lzcnt, sse4a, ht, tsc, tscinvbit, tscinv, bmi1, bmi2, adx, sha, fma

Memory: 4k page, system-wide physical 6091M (1163M free)
TotalPageFile size 8139M (AvailPageFile size 2M)
current process WorkingSet (physical memory assigned to process): 40M, peak: 40M
current process commit charge ("private bytes"): 173M, peak: 173M

vm_info: OpenJDK 64-Bit Server VM (11.0.5+10-b520.38) for windows-amd64 JRE (11.0.5+10-b520.38), built on Jan 23 2020 07:58:32 by "" with MS VC++ 14.0 (VS2015)

END.
