#
# There is insufficient memory for the Java Runtime Environment to continue.
# Native memory allocation (mmap) failed to map 100663296 bytes for Failed to commit area from 0x00000000a0c00000 to 0x00000000a6c00000 of length 100663296.
# Possible reasons:
#   The system is out of physical RAM or swap space
#   The process is running with CompressedOops enabled, and the Java Heap may be blocking the growth of the native heap
# Possible solutions:
#   Reduce memory load on the system
#   Increase physical memory or swap space
#   Check if swap backing store is full
#   Decrease Java heap size (-Xmx/-Xms)
#   Decrease number of Java threads
#   Decrease Java thread stack sizes (-Xss)
#   Set larger code cache with -XX:ReservedCodeCacheSize=
# This output file may be truncated or incomplete.
#
#  Out of Memory Error (c:/BuildAgent/work/5ff2f6c26000d570/src/hotspot/os/windows/os_windows.cpp:3291), pid=2608, tid=11036
#
# JRE version:  (11.0.5+10) (build )
# Java VM: OpenJDK 64-Bit Server VM (11.0.5+10-b520.38, mixed mode, aot, sharing, tiered, compressed oops, g1 gc, windows-amd64)
# No core dump will be written. Minidumps are not enabled by default on client versions of Windows
#

---------------  S U M M A R Y ------------

Command Line: org.jetbrains.git4idea.http.GitAskPassApp Username for 'https://github.com': 

Host: AMD Ryzen 5 3500U with Radeon Vega Mobile Gfx  , 8 cores, 5G,  Windows 10 , 64 bit Build 18362 (10.0.18362.329)
Time: Wed Mar 11 16:40:05 2020 RTZ 2 (ceia) elapsed time: 0 seconds (0d 0h 0m 0s)

---------------  T H R E A D  ---------------

Current thread (0x00000284e210b000):  JavaThread "Unknown thread" [_thread_in_vm, id=11036, stack(0x000000aaa3800000,0x000000aaa3900000)]

Stack: [0x000000aaa3800000,0x000000aaa3900000]
Native frames: (J=compiled Java code, j=interpreted, Vv=VM code, C=native code)
V  [jvm.dll+0x5dcafa]
V  [jvm.dll+0x70e375]
V  [jvm.dll+0x70f898]
V  [jvm.dll+0x70ff63]
V  [jvm.dll+0x23e238]
V  [jvm.dll+0x5da1c4]
V  [jvm.dll+0x5cf265]
V  [jvm.dll+0x2fac3b]
V  [jvm.dll+0x2fabaa]
V  [jvm.dll+0x2faa82]
V  [jvm.dll+0x2ff956]
V  [jvm.dll+0x3480d3]
V  [jvm.dll+0x3487d6]
V  [jvm.dll+0x3481d3]
V  [jvm.dll+0x2d5548]
V  [jvm.dll+0x2d66e7]
V  [jvm.dll+0x6ed237]
V  [jvm.dll+0x6eea2c]
V  [jvm.dll+0x355849]
V  [jvm.dll+0x6d239e]
V  [jvm.dll+0x3be283]
V  [jvm.dll+0x3c0701]
C  [jli.dll+0x5363]
C  [ucrtbase.dll+0x20e72]
C  [KERNEL32.DLL+0x17bd4]
C  [ntdll.dll+0x6ced1]


---------------  P R O C E S S  ---------------

Threads class SMR info:
_java_thread_list=0x00000284e0066e50, length=0, elements={
}

Java Threads: ( => current thread )

Other Threads:
  0x00000284e2120800 GCTaskThread "GC Thread#0" [stack: 0x000000aaa3900000,0x000000aaa3a00000] [id=2360]
  0x00000284e214b000 ConcurrentGCThread "G1 Main Marker" [stack: 0x000000aaa3a00000,0x000000aaa3b00000] [id=11444]
  0x00000284e214c800 ConcurrentGCThread "G1 Conc#0" [stack: 0x000000aaa3b00000,0x000000aaa3c00000] [id=10528]

[error occurred during error reporting (printing all threads), id 0xc0000005, EXCEPTION_ACCESS_VIOLATION (0xc0000005) at pc=0x00007ff9f5e15c17]

VM state:not at safepoint (not fully initialized)

VM Mutex/Monitor currently owned by a thread:  ([mutex/lock_event])
[0x00000284e2105e50] Heap_lock - owner thread: 0x00000284e210b000

Heap address: 0x00000000a0c00000, size: 1524 MB, Compressed Oops mode: Non-zero based: 0x00000000a0c00000
Narrow klass base: 0x0000000000000000, Narrow klass shift: 0

GC Heap History (0 events):
No events

Deoptimization events (0 events):
No events

Classes redefined (0 events):
No events

Internal exceptions (0 events):
No events

Events (0 events):
No events


Dynamic libraries:
0x00007ff6ba440000 - 0x00007ff6ba44a000 	C:\Program Files\JetBrains\PhpStorm 2019.3.3\jbr\bin\java.exe
0x00007ffa3a940000 - 0x00007ffa3ab30000 	C:\Windows\SYSTEM32\ntdll.dll
0x00007ffa38b70000 - 0x00007ffa38c22000 	C:\Windows\System32\KERNEL32.DLL
0x00007ffa37b40000 - 0x00007ffa37de3000 	C:\Windows\System32\KERNELBASE.dll
0x00007ffa38810000 - 0x00007ffa3890a000 	C:\Windows\System32\ucrtbase.dll
0x00007ffa33000000 - 0x00007ffa33019000 	C:\Program Files\JetBrains\PhpStorm 2019.3.3\jbr\bin\jli.dll
0x00007ffa32fe0000 - 0x00007ffa32ff7000 	C:\Program Files\JetBrains\PhpStorm 2019.3.3\jbr\bin\VCRUNTIME140.dll
0x00007ffa39b10000 - 0x00007ffa39ca4000 	C:\Windows\System32\USER32.dll
0x00007ffa29f80000 - 0x00007ffa2a205000 	C:\Windows\WinSxS\amd64_microsoft.windows.common-controls_6595b64144ccf1df_6.0.18362.657_none_e6c5b579130e3898\COMCTL32.dll
0x00007ffa37b10000 - 0x00007ffa37b31000 	C:\Windows\System32\win32u.dll
0x00007ffa38f40000 - 0x00007ffa38fde000 	C:\Windows\System32\msvcrt.dll
0x00007ffa391c0000 - 0x00007ffa391e6000 	C:\Windows\System32\GDI32.dll
0x00007ffa378f0000 - 0x00007ffa37a84000 	C:\Windows\System32\gdi32full.dll
0x00007ffa3a430000 - 0x00007ffa3a766000 	C:\Windows\System32\combase.dll
0x00007ffa37df0000 - 0x00007ffa37e8e000 	C:\Windows\System32\msvcp_win.dll
0x00007ffa3a770000 - 0x00007ffa3a890000 	C:\Windows\System32\RPCRT4.dll
0x00007ffa37a90000 - 0x00007ffa37b10000 	C:\Windows\System32\bcryptPrimitives.dll
0x00007ffa39130000 - 0x00007ffa3915e000 	C:\Windows\System32\IMM32.DLL
0x00007ff9fe500000 - 0x00007ff9fe59d000 	C:\Program Files\JetBrains\PhpStorm 2019.3.3\jbr\bin\msvcp140.dll
0x00007ff9f5b30000 - 0x00007ff9f65eb000 	C:\Program Files\JetBrains\PhpStorm 2019.3.3\jbr\bin\server\jvm.dll
0x00007ffa39a40000 - 0x00007ffa39ae3000 	C:\Windows\System32\ADVAPI32.dll
0x00007ffa38fe0000 - 0x00007ffa39077000 	C:\Windows\System32\sechost.dll
0x00007ffa3a420000 - 0x00007ffa3a428000 	C:\Windows\System32\PSAPI.DLL
0x00007ffa2d950000 - 0x00007ffa2d974000 	C:\Windows\SYSTEM32\WINMM.dll
0x00007ffa33c80000 - 0x00007ffa33c89000 	C:\Windows\SYSTEM32\WSOCK32.dll
0x00007ffa3a890000 - 0x00007ffa3a8ff000 	C:\Windows\System32\WS2_32.dll
0x00007ffa30bc0000 - 0x00007ffa30bca000 	C:\Windows\SYSTEM32\VERSION.dll
0x00007ffa2d920000 - 0x00007ffa2d94d000 	C:\Windows\SYSTEM32\winmmbase.dll
0x00007ffa38910000 - 0x00007ffa3895a000 	C:\Windows\System32\cfgmgr32.dll
0x00007ffa37820000 - 0x00007ffa37831000 	C:\Windows\System32\kernel.appcore.dll
0x00007ffa33c60000 - 0x00007ffa33c71000 	C:\Program Files\JetBrains\PhpStorm 2019.3.3\jbr\bin\verify.dll
0x00007ffa27740000 - 0x00007ffa27934000 	C:\Windows\SYSTEM32\DBGHELP.DLL
0x00007ffa27710000 - 0x00007ffa2773a000 	C:\Windows\SYSTEM32\dbgcore.DLL
0x00007ffa33c30000 - 0x00007ffa33c59000 	C:\Program Files\JetBrains\PhpStorm 2019.3.3\jbr\bin\java.dll
0x00007ffa32e00000 - 0x00007ffa32e17000 	C:\Program Files\JetBrains\PhpStorm 2019.3.3\jbr\bin\zip.dll
0x00007ffa33190000 - 0x00007ffa3319b000 	C:\Program Files\JetBrains\PhpStorm 2019.3.3\jbr\bin\jimage.dll

dbghelp: loaded successfully - version: 4.0.5 - missing functions: none
symbol engine: initialized successfully - sym options: 0x614 - pdb path: .;C:\Program Files\JetBrains\PhpStorm 2019.3.3\jbr\bin;C:\Windows\SYSTEM32;C:\Windows\WinSxS\amd64_microsoft.windows.common-controls_6595b64144ccf1df_6.0.18362.657_none_e6c5b579130e3898;C:\Program Files\JetBrains\PhpStorm 2019.3.3\jbr\bin\server

VM Arguments:
java_command: org.jetbrains.git4idea.http.GitAskPassApp Username for 'https://github.com': 
java_class_path (initial): C:/Program Files/JetBrains/PhpStorm 2019.3.3/plugins/git4idea/lib/git4idea-rt.jar;C:/Program Files/JetBrains/PhpStorm 2019.3.3/lib/xmlrpc-2.0.1.jar;C:/Program Files/JetBrains/PhpStorm 2019.3.3/lib/commons-codec-1.13.jar;C:/Program Files/JetBrains/PhpStorm 2019.3.3/lib/util.jar
Launcher Type: SUN_STANDARD

[Global flags]
     intx CICompilerCount                          = 4                                         {product} {ergonomic}
     uint ConcGCThreads                            = 2                                         {product} {ergonomic}
     uint G1ConcRefinementThreads                  = 8                                         {product} {ergonomic}
   size_t G1HeapRegionSize                         = 1048576                                   {product} {ergonomic}
    uintx GCDrainStackTargetSize                   = 64                                        {product} {ergonomic}
   size_t InitialHeapSize                          = 100663296                                 {product} {ergonomic}
   size_t MarkStackSize                            = 4194304                                   {product} {ergonomic}
   size_t MaxHeapSize                              = 1598029824                                {product} {ergonomic}
   size_t MinHeapDeltaBytes                        = 1048576                                   {product} {ergonomic}
    uintx NonNMethodCodeHeapSize                   = 5836300                                {pd product} {ergonomic}
    uintx NonProfiledCodeHeapSize                  = 122910970                              {pd product} {ergonomic}
    uintx ProfiledCodeHeapSize                     = 122910970                              {pd product} {ergonomic}
    uintx ReservedCodeCacheSize                    = 251658240                              {pd product} {ergonomic}
     bool SegmentedCodeCache                       = true                                      {product} {ergonomic}
     bool UseCompressedClassPointers               = true                                 {lp64_product} {ergonomic}
     bool UseCompressedOops                        = true                                 {lp64_product} {ergonomic}
     bool UseG1GC                                  = true                                      {product} {ergonomic}
     bool UseLargePagesIndividualAllocation        = false                                  {pd product} {ergonomic}

Logging:
Log output configuration:
 #0: stdout all=warning uptime,level,tags
 #1: stderr all=off uptime,level,tags

Environment Variables:
PATH=C:/Program Files/Git/mingw64/libexec/git-core;C:/Program Files/Git/mingw64/libexec/git-core;C:\Program Files\Git\mingw64\bin;C:\Program Files\Git\usr\bin;C:\Users\Gerbert\bin;C:\Windows\system32;C:\Windows;C:\Windows\System32\Wbem;C:\Windows\System32\WindowsPowerShell\v1.0\;C:\Windows\System32\OpenSSH\;C:\Program Files\Git\cmd;C:\Program Files (x86)\Common Files\Acronis\SnapAPI\;C:\xampp\php;C:\ProgramData\ComposerSetup\bin;C:\Users\Gerbert\AppData\Local\Microsoft\WindowsApps;C:\Program Files\JetBrains\IntelliJ IDEA 2019.3.3\bin;C:\Program Files\JetBrains\PhpStorm 2019.3.3\bin;C:\Program Files\JetBrains\CLion 2019.3.4\bin;C:\Program Files\JetBrains\JetBrains Rider 2019.3.4\bin;C:\Users\Gerbert\AppData\Local\GitHubDesktop\bin;C:\Users\Gerbert\AppData\Roaming\Composer\vendor\bin
USERNAME=Gerbert
DISPLAY=:0.0
OS=Windows_NT
PROCESSOR_IDENTIFIER=AMD64 Family 23 Model 24 Stepping 1, AuthenticAMD



---------------  S Y S T E M  ---------------

OS: Windows 10 , 64 bit Build 18362 (10.0.18362.329)

CPU:total 8 (initial active 8) (8 cores per cpu, 2 threads per core) family 23 model 24 stepping 1, cmov, cx8, fxsr, mmx, sse, sse2, sse3, ssse3, sse4.1, sse4.2, popcnt, avx, avx2, aes, clmul, mmxext, 3dnowpref, lzcnt, sse4a, ht, tsc, tscinvbit, tscinv, bmi1, bmi2, adx, sha, fma

Memory: 4k page, system-wide physical 6091M (1136M free)
TotalPageFile size 8139M (AvailPageFile size 76M)
current process WorkingSet (physical memory assigned to process): 9M, peak: 9M
current process commit charge ("private bytes"): 59M, peak: 155M

vm_info: OpenJDK 64-Bit Server VM (11.0.5+10-b520.38) for windows-amd64 JRE (11.0.5+10-b520.38), built on Jan 23 2020 07:58:32 by "" with MS VC++ 14.0 (VS2015)

END.
